2024-09-23 14:00:26,781 ERROR frappe Failed to capture exception
Site: mayuri.com
Form Dict: {}
Traceback (most recent call last):
  File "/home/ng/my-bench/apps/frappe/frappe/utils/sentry.py", line 116, in capture_exception
    set_scope(scope)
  File "/home/ng/my-bench/apps/frappe/frappe/utils/sentry.py", line 70, in set_scope
    path = frappe.request.path
  File "/home/ng/my-bench/env/lib/python3.10/site-packages/werkzeug/local.py", line 318, in __get__
    obj = instance._get_current_object()
  File "/home/ng/my-bench/env/lib/python3.10/site-packages/werkzeug/local.py", line 501, in _get_current_object
    raise RuntimeError(unbound_message) from None
RuntimeError: object is not bound
2024-09-23 23:57:23,168 ERROR frappe New Exception collected in error log
Site: mayuri.com
Form Dict: {'doc': '{"name":"16gjdc5u6j","owner":"Administrator","creation":"2024-09-23 23:14:33.900266","modified":"2024-09-23 23:48:34.523154","modified_by":"Administrator","docstatus":0,"idx":0,"order":"RO-09-2024-13","vehicle":9,"driver":"DR005","rate":50,"total_amount":0,"doctype":"Ride Booking","items":[{"name":"16gjfsjblm","owner":"Administrator","creation":"2024-09-23 23:14:33.900266","modified":"2024-09-23 23:48:34.523154","modified_by":"Administrator","docstatus":0,"idx":1,"source":"A","distance":1.5,"destination":"B","parent":"16gjdc5u6j","parentfield":"items","parenttype":"Ride Booking","doctype":"Ride Booking Item"},{"name":"1bjdq2nlmc","owner":"Administrator","creation":"2024-09-23 23:14:33.900266","modified":"2024-09-23 23:48:34.523154","modified_by":"Administrator","docstatus":0,"idx":2,"source":"B","distance":6,"destination":"C","parent":"16gjdc5u6j","parentfield":"items","parenttype":"Ride Booking","doctype":"Ride Booking Item"}],"__unsaved":1,"still_editable":"678"}', 'action': 'Save', 'cmd': 'frappe.desk.form.save.savedocs'}
2024-09-25 14:35:13,794 ERROR frappe New Exception collected in error log
Site: mayuri.com
Form Dict: {'doc': '{"name":"Vehicles by service status","owner":"Administrator","creation":"2024-09-25 14:32:53.519742","modified":"2024-09-25 14:33:28.726794","modified_by":"Administrator","docstatus":0,"idx":0,"report_name":"Vehicles by service status","ref_doctype":"Vehicle","is_standard":"Yes","module":"Rentals","report_type":"Report Builder","add_total_row":0,"disabled":0,"prepared_report":0,"timeout":0,"json":{"filters":[],"fields":[["status","Vehicle"],["_aggregate_column","Vehicle"]],"order_by":"`tabVehicle`.modified desc","add_totals_row":0,"page_length":20,"column_widths":{"status":120,"_aggregate_column":200},"group_by":{"group_by":"`tabVehicle`.`status`","aggregate_function":"count"}},"doctype":"Report","filters":[],"roles":[{"name":"ccb7u6k2vq","owner":"Administrator","creation":"2024-09-25 14:32:53.547818","modified":"2024-09-25 14:33:28.726794","modified_by":"Administrator","docstatus":0,"idx":1,"role":"System Manager","parent":"Vehicles by service status","parentfield":"roles","parenttype":"Report","doctype":"Has Role"}],"columns":[],"__last_sync_on":"2024-09-25T09:03:47.340Z","__unsaved":1}', 'action': 'Save', 'cmd': 'frappe.desk.form.save.savedocs'}
2024-09-25 14:35:33,674 ERROR frappe New Exception collected in error log
Site: mayuri.com
Form Dict: {'doc': '{"name":"Vehicles by service status","owner":"Administrator","creation":"2024-09-25 14:32:53.519742","modified":"2024-09-25 14:33:28.726794","modified_by":"Administrator","docstatus":0,"idx":0,"report_name":"Vehicles by service status","ref_doctype":"Vehicle","is_standard":"Yes","module":"Rentals","report_type":"Report Builder","add_total_row":0,"disabled":0,"prepared_report":0,"timeout":0,"json":{"filters":[],"fields":[["status","Vehicle"],["_aggregate_column","Vehicle"]],"order_by":"`tabVehicle`.modified desc","add_totals_row":0,"page_length":20,"column_widths":{"status":120,"_aggregate_column":200},"group_by":{"group_by":"`tabVehicle`.`status`","aggregate_function":"count"}},"doctype":"Report","filters":[],"roles":[{"name":"ccb7u6k2vq","owner":"Administrator","creation":"2024-09-25 14:32:53.547818","modified":"2024-09-25 14:33:28.726794","modified_by":"Administrator","docstatus":0,"idx":1,"role":"System Manager","parent":"Vehicles by service status","parentfield":"roles","parenttype":"Report","doctype":"Has Role"}],"columns":[],"__last_sync_on":"2024-09-25T09:03:47.340Z","__unsaved":1}', 'action': 'Save', 'cmd': 'frappe.desk.form.save.savedocs'}
2024-09-25 15:12:06,403 ERROR frappe New Exception collected in error log
Site: mayuri.com
Form Dict: {'name': 'Vehicle by Service Status', 'cmd': 'frappe.email.doctype.auto_email_report.auto_email_report.send_now'}
2024-09-25 22:55:36,304 ERROR frappe New Exception collected in error log
Site: mayuri.com
Form Dict: {'doc': '{"docstatus":0,"doctype":"Ride Booking","name":"new-ride-booking-zhcetyffvq","__islocal":1,"__unsaved":1,"owner":"Administrator","items":[{"docstatus":0,"doctype":"Ride Booking Item","name":"new-ride-booking-item-bmqepllnxd","__islocal":1,"__unsaved":1,"owner":"Administrator","parent":"new-ride-booking-zhcetyffvq","parentfield":"items","parenttype":"Ride Booking","idx":1,"__unedited":false,"source":"A","distance":10,"destination":"B"}],"vehicle":"11","order":"RO-09-2024-10","driver":"DR008","total_amount":null}', 'action': 'Save', 'cmd': 'frappe.desk.form.save.savedocs'}
2024-09-25 22:56:01,283 ERROR frappe New Exception collected in error log
Site: mayuri.com
Form Dict: {'doc': '{"docstatus":0,"doctype":"Ride Booking","name":"new-ride-booking-zhcetyffvq","__islocal":1,"__unsaved":1,"owner":"Administrator","items":[{"docstatus":0,"doctype":"Ride Booking Item","name":"new-ride-booking-item-bmqepllnxd","__islocal":1,"__unsaved":1,"owner":"Administrator","parent":"new-ride-booking-zhcetyffvq","parentfield":"items","parenttype":"Ride Booking","idx":1,"__unedited":false,"source":"A","distance":10,"destination":"B"}],"vehicle":"11","order":"RO-09-2024-10","driver":"DR008","total_amount":null}', 'action': 'Save', 'cmd': 'frappe.desk.form.save.savedocs'}
2024-09-25 23:00:00,363 ERROR frappe New Exception collected in error log
Site: mayuri.com
Form Dict: {'doc': '{"docstatus":0,"doctype":"Ride Booking","name":"new-ride-booking-zhcetyffvq","__islocal":1,"__unsaved":1,"owner":"Administrator","items":[{"docstatus":0,"doctype":"Ride Booking Item","name":"new-ride-booking-item-bmqepllnxd","__islocal":1,"__unsaved":1,"owner":"Administrator","parent":"new-ride-booking-zhcetyffvq","parentfield":"items","parenttype":"Ride Booking","idx":1,"__unedited":false,"source":"A","distance":10,"destination":"B"}],"vehicle":"11","order":"RO-09-2024-10","driver":"DR008","total_amount":null}', 'action': 'Save', 'cmd': 'frappe.desk.form.save.savedocs'}
2024-09-25 23:02:03,806 ERROR frappe New Exception collected in error log
Site: mayuri.com
Form Dict: {'doc': '{"docstatus":0,"doctype":"Ride Booking","name":"new-ride-booking-qvtwadjhhi","__islocal":1,"__unsaved":1,"owner":"Administrator","items":[{"docstatus":0,"doctype":"Ride Booking Item","name":"new-ride-booking-item-mfxazbtqhb","__islocal":1,"__unsaved":1,"owner":"Administrator","parent":"new-ride-booking-qvtwadjhhi","parentfield":"items","parenttype":"Ride Booking","idx":1,"__unedited":false,"source":"A","distance":10,"destination":"B"}],"vehicle":"11","order":"RO-09-2024-10","driver":"DR008","total_amount":null}', 'action': 'Save', 'cmd': 'frappe.desk.form.save.savedocs'}
2024-09-25 23:06:17,557 ERROR frappe New Exception collected in error log
Site: mayuri.com
Form Dict: {'doc': '{"docstatus":0,"doctype":"Ride Booking","name":"new-ride-booking-zdhkclcglh","__islocal":1,"__unsaved":1,"owner":"Administrator","items":[{"docstatus":0,"doctype":"Ride Booking Item","name":"new-ride-booking-item-crjjpmunqm","__islocal":1,"__unsaved":1,"owner":"Administrator","parent":"new-ride-booking-zdhkclcglh","parentfield":"items","parenttype":"Ride Booking","idx":1,"__unedited":false,"source":"A","distance":10,"destination":"B"}],"vehicle":"11","order":"RO-09-2024-10","driver":"DR004","total_amount":null}', 'action': 'Save', 'cmd': 'frappe.desk.form.save.savedocs'}
2024-09-25 23:08:02,155 ERROR frappe New Exception collected in error log
Site: mayuri.com
Form Dict: {'doc': '{"docstatus":0,"doctype":"Ride Booking","name":"new-ride-booking-wuzwjbwmtl","__islocal":1,"__unsaved":1,"owner":"Administrator","items":[{"docstatus":0,"doctype":"Ride Booking Item","name":"new-ride-booking-item-bqyvyusnpc","__islocal":1,"__unsaved":1,"owner":"Administrator","parent":"new-ride-booking-wuzwjbwmtl","parentfield":"items","parenttype":"Ride Booking","idx":1,"__unedited":false,"source":"c","distance":10,"destination":"d"}],"vehicle":"11","order":"RO-09-2024-10","driver":"DR004","total_amount":null}', 'action': 'Save', 'cmd': 'frappe.desk.form.save.savedocs'}
2024-09-25 23:10:12,080 ERROR frappe New Exception collected in error log
Site: mayuri.com
Form Dict: {'doc': '{"docstatus":0,"doctype":"Ride Booking","name":"new-ride-booking-wuzwjbwmtl","__islocal":1,"__unsaved":1,"owner":"Administrator","items":[{"docstatus":0,"doctype":"Ride Booking Item","name":"new-ride-booking-item-bqyvyusnpc","__islocal":1,"__unsaved":1,"owner":"Administrator","parent":"new-ride-booking-wuzwjbwmtl","parentfield":"items","parenttype":"Ride Booking","idx":1,"__unedited":false,"source":"c","distance":10,"destination":"d"}],"vehicle":"11","order":"RO-09-2024-10","driver":"DR004","total_amount":null}', 'action': 'Save', 'cmd': 'frappe.desk.form.save.savedocs'}
2024-09-25 23:11:15,911 ERROR frappe New Exception collected in error log
Site: mayuri.com
Form Dict: {'doc': '{"docstatus":0,"doctype":"Ride Booking","name":"new-ride-booking-svrutnljzg","__islocal":1,"__unsaved":1,"owner":"Administrator","items":[{"docstatus":0,"doctype":"Ride Booking Item","name":"new-ride-booking-item-dgifaimivk","__islocal":1,"__unsaved":1,"owner":"Administrator","parent":"new-ride-booking-svrutnljzg","parentfield":"items","parenttype":"Ride Booking","idx":1,"__unedited":false,"source":"a","distance":10,"destination":"b"}],"vehicle":"11","order":"RO-09-2024-10","total_amount":null,"driver":"DR004"}', 'action': 'Save', 'cmd': 'frappe.desk.form.save.savedocs'}
2024-09-25 23:11:50,669 ERROR frappe New Exception collected in error log
Site: mayuri.com
Form Dict: {'doc': '{"docstatus":0,"doctype":"Ride Booking","name":"new-ride-booking-svrutnljzg","__islocal":1,"__unsaved":1,"owner":"Administrator","items":[{"docstatus":0,"doctype":"Ride Booking Item","name":"new-ride-booking-item-dgifaimivk","__islocal":1,"__unsaved":1,"owner":"Administrator","parent":"new-ride-booking-svrutnljzg","parentfield":"items","parenttype":"Ride Booking","idx":1,"__unedited":false,"source":"a","distance":10,"destination":"b"}],"vehicle":"11","order":"RO-09-2024-10","total_amount":null,"driver":"DR004"}', 'action': 'Save', 'cmd': 'frappe.desk.form.save.savedocs'}
